<?xml version="1.0" encoding="utf-8"?><testsuites name="pytest tests"><testsuite name="pytest" errors="0" failures="0" skipped="0" tests="16" time="8.019" timestamp="2026-04-06T23:26:12.393483+00:00" hostname="agent-env-f0d008f9-fa41-4708-a107-cccca6eb4353"><testcase classname="backend.tests.test_components_features.TestComponentRecipesCRUD" name="test_get_component_recipes_list" time="0.204" /><testcase classname="backend.tests.test_components_features.TestComponentRecipesCRUD" name="test_create_component_recipe" time="0.139" /><testcase classname="backend.tests.test_components_features.TestComponentRecipesCRUD" name="test_get_single_component_recipe" time="0.481" /><testcase classname="backend.tests.test_components_features.TestComponentRecipesCRUD" name="test_update_component_recipe" time="0.344" /><testcase classname="backend.tests.test_components_features.TestComponentRecipesCRUD" name="test_delete_component_recipe" time="0.338" /><testcase classname="backend.tests.test_components_features.TestComponentRecipesCRUD" name="test_component_not_found" time="0.120" /><testcase classname="backend.tests.test_components_features.TestComponentCostCalculation" name="test_component_cost_endpoint_exists" time="0.771" /><testcase classname="backend.tests.test_components_features.TestComponentCostCalculation" name="test_component_cost_breakdown_structure" time="0.830" /><testcase classname="backend.tests.test_components_features.TestComponentCostCalculation" name="test_component_cost_calculation_values" time="0.765" /><testcase classname="backend.tests.test_components_features.TestComponentCostCalculation" name="test_component_cost_per_gram" time="0.828" /><testcase classname="backend.tests.test_components_features.TestComponentCostCalculation" name="test_component_cost_not_found" time="0.821" /><testcase classname="backend.tests.test_components_features.TestComponentImport" name="test_import_components_with_recipe_name_column" time="0.362" /><testcase classname="backend.tests.test_components_features.TestComponentImport" name="test_import_components_with_component_name_column" time="0.104" /><testcase classname="backend.tests.test_components_features.TestRecipeComponentIntegration" name="test_recipe_with_component_cost_calculation" time="1.002" /><testcase classname="backend.tests.test_components_features.TestRecipeDetailPageFeatures" name="test_recipe_variant_has_separate_times" time="0.323" /><testcase classname="backend.tests.test_components_features.TestRecipeDetailPageFeatures" name="test_recipe_cost_uses_separate_times" time="0.388" /></testsuite></testsuites>