<?xml version="1.0" encoding="utf-8"?><testsuites name="pytest tests"><testsuite name="pytest" errors="0" failures="0" skipped="0" tests="22" time="3.949" timestamp="2026-03-30T23:43:48.702179+00:00" hostname="agent-env-f0d008f9-fa41-4708-a107-cccca6eb4353"><testcase classname="backend.tests.test_pwa_and_imports.TestPWAAssets" name="test_manifest_json_accessible" time="0.209" /><testcase classname="backend.tests.test_pwa_and_imports.TestPWAAssets" name="test_service_worker_accessible" time="0.126" /><testcase classname="backend.tests.test_pwa_and_imports.TestPWAAssets" name="test_icon_192x192_accessible" time="0.122" /><testcase classname="backend.tests.test_pwa_and_imports.TestPWAAssets" name="test_icon_512x512_accessible" time="0.114" /><testcase classname="backend.tests.test_pwa_and_imports.TestPWAAssets" name="test_favicon_accessible" time="0.111" /><testcase classname="backend.tests.test_pwa_and_imports.TestPWAAssets" name="test_apple_touch_icon_accessible" time="0.130" /><testcase classname="backend.tests.test_pwa_and_imports.TestAPIEndpoints" name="test_api_root" time="0.132" /><testcase classname="backend.tests.test_pwa_and_imports.TestAPIEndpoints" name="test_get_settings" time="0.112" /><testcase classname="backend.tests.test_pwa_and_imports.TestAPIEndpoints" name="test_get_ingredients" time="0.110" /><testcase classname="backend.tests.test_pwa_and_imports.TestAPIEndpoints" name="test_get_packaging" time="0.110" /><testcase classname="backend.tests.test_pwa_and_imports.TestAPIEndpoints" name="test_get_recipes" time="0.108" /><testcase classname="backend.tests.test_pwa_and_imports.TestAPIEndpoints" name="test_get_component_recipes" time="0.111" /><testcase classname="backend.tests.test_pwa_and_imports.TestAPIEndpoints" name="test_get_sales" time="0.138" /><testcase classname="backend.tests.test_pwa_and_imports.TestAPIEndpoints" name="test_get_sales_summary" time="0.120" /><testcase classname="backend.tests.test_pwa_and_imports.TestCSVImportIngredients" name="test_import_ingredients_csv" time="0.236" /><testcase classname="backend.tests.test_pwa_and_imports.TestXLSXImportIngredients" name="test_import_ingredients_xlsx" time="0.294" /><testcase classname="backend.tests.test_pwa_and_imports.TestCSVImportPackaging" name="test_import_packaging_csv_with_all_fields" time="0.222" /><testcase classname="backend.tests.test_pwa_and_imports.TestCSVImportRecipes" name="test_import_recipes_csv" time="0.355" /><testcase classname="backend.tests.test_pwa_and_imports.TestCSVImportComponents" name="test_import_components_csv" time="0.343" /><testcase classname="backend.tests.test_pwa_and_imports.TestImportValidation" name="test_import_ingredients_missing_columns" time="0.138" /><testcase classname="backend.tests.test_pwa_and_imports.TestImportValidation" name="test_import_invalid_file_type" time="0.159" /><testcase classname="backend.tests.test_pwa_and_imports.TestCostCalculation" name="test_cost_calculation_with_selling_price" time="0.224" /></testsuite></testsuites>